<?xml version="1.0" encoding="utf-8"?><testsuites name="pytest tests"><testsuite name="pytest" errors="0" failures="0" skipped="0" tests="20" time="5.093" timestamp="2026-05-01T17:14:19.540432+00:00" hostname="agent-env-ddfd55d8-1ef5-4a6f-8c9d-857ee1d2f106"><testcase classname="backend.tests.test_iter10_ai_config.TestPublicSmoke" name="test_health_root" time="0.176" /><testcase classname="backend.tests.test_iter10_ai_config.TestPublicSmoke" name="test_dictionary_nonempty" time="0.048" /><testcase classname="backend.tests.test_iter10_ai_config.TestPublicSmoke" name="test_history_list" time="0.057" /><testcase classname="backend.tests.test_iter10_ai_config.TestPublicSmoke" name="test_text_to_sign" time="2.113" /><testcase classname="backend.tests.test_iter10_ai_config.TestAdminGate" name="test_files_requires_admin" time="0.050" /><testcase classname="backend.tests.test_iter10_ai_config.TestAdminGate" name="test_files_with_admin" time="0.049" /><testcase classname="backend.tests.test_iter10_ai_config.TestAdminGate" name="test_videos_with_admin" time="0.050" /><testcase classname="backend.tests.test_iter10_ai_config.TestAdminGate" name="test_stats_with_admin" time="0.057" /><testcase classname="backend.tests.test_iter10_ai_config.TestAdminGate" name="test_knowledge_with_admin" time="0.049" /><testcase classname="backend.tests.test_iter10_ai_config.TestAIConfig" name="test_get_requires_admin" time="0.050" /><testcase classname="backend.tests.test_iter10_ai_config.TestAIConfig" name="test_get_returns_full_shape" time="0.048" /><testcase classname="backend.tests.test_iter10_ai_config.TestAIConfig" name="test_put_update_text_model_persists" time="0.102" /><testcase classname="backend.tests.test_iter10_ai_config.TestAIConfig" name="test_put_rejects_invalid_model" time="0.048" /><testcase classname="backend.tests.test_iter10_ai_config.TestAIConfig" name="test_put_requires_admin" time="0.047" /><testcase classname="backend.tests.test_iter10_ai_config.TestAIConfig" name="test_reset_restores_defaults" time="0.101" /><testcase classname="backend.tests.test_iter10_ai_config.TestAIConfig" name="test_reset_requires_admin" time="0.046" /><testcase classname="backend.tests.test_iter10_ai_config.TestAIConfig" name="test_ai_config_test_endpoint" time="1.770" /><testcase classname="backend.tests.test_iter10_ai_config.TestAIConfig" name="test_ai_config_test_requires_admin" time="0.056" /><testcase classname="backend.tests.test_iter10_ai_config.TestRTCSignaling" name="test_rtc_room_endpoint" time="0.054" /><testcase classname="backend.tests.test_iter10_ai_config.TestRTCSignaling" name="test_rtc_stats" time="0.050" /></testsuite></testsuites>