<?xml version="1.0" encoding="utf-8"?><testsuites name="pytest tests"><testsuite name="pytest" errors="0" failures="0" skipped="0" tests="15" time="6.995" timestamp="2026-04-26T09:45:47.656246+00:00" hostname="agent-env-ddfd55d8-1ef5-4a6f-8c9d-857ee1d2f106"><testcase classname="tests.test_iter7_phase2_block_b.TestHealthAndEmailStatus" name="test_health" time="0.218" /><testcase classname="tests.test_iter7_phase2_block_b.TestHealthAndEmailStatus" name="test_email_status_not_configured" time="0.052" /><testcase classname="tests.test_iter7_phase2_block_b.TestEmailShareGraceful" name="test_share_returns_not_configured" time="0.050" /><testcase classname="tests.test_iter7_phase2_block_b.TestEmailShareGraceful" name="test_share_invalid_email_422" time="0.047" /><testcase classname="tests.test_iter7_phase2_block_b.TestRtcHttp" name="test_create_room_returns_uppercase_alnum" time="0.046" /><testcase classname="tests.test_iter7_phase2_block_b.TestRtcHttp" name="test_ice_returns_google_stun" time="0.048" /><testcase classname="tests.test_iter7_phase2_block_b.TestRtcHttp" name="test_stats_shape" time="0.047" /><testcase classname="tests.test_iter7_phase2_block_b" name="test_rtc_websocket_two_peer_signaling" time="1.044" /><testcase classname="tests.test_iter7_phase2_block_b.TestOfflinePack" name="test_offline_pack_default_30" time="0.053" /><testcase classname="tests.test_iter7_phase2_block_b.TestOfflinePack" name="test_offline_pack_limit_param" time="0.058" /><testcase classname="tests.test_iter7_phase2_block_b.TestRegression" name="test_text_to_sign_works" time="5.058" /><testcase classname="tests.test_iter7_phase2_block_b.TestRegression" name="test_dictionary_lists" time="0.046" /><testcase classname="tests.test_iter7_phase2_block_b.TestRegression" name="test_history_lists" time="0.047" /><testcase classname="tests.test_iter7_phase2_block_b.TestRegression" name="test_billing_plans" time="0.047" /><testcase classname="tests.test_iter7_phase2_block_b.TestRegression" name="test_admin_login_correct_password" time="0.047" /></testsuite></testsuites>