<?xml version="1.0" encoding="utf-8"?><testsuites name="pytest tests"><testsuite name="pytest" errors="0" failures="0" skipped="0" tests="10" time="3.482" timestamp="2026-05-01T18:48:35.299556+00:00" hostname="agent-env-ddfd55d8-1ef5-4a6f-8c9d-857ee1d2f106"><testcase classname="backend.tests.test_iter11_admin_pwd_apikey.TestAdminChangePassword" name="test_change_pwd_wrong_current_returns_401" time="0.212" /><testcase classname="backend.tests.test_iter11_admin_pwd_apikey.TestAdminChangePassword" name="test_change_pwd_too_short_returns_422" time="0.119" /><testcase classname="backend.tests.test_iter11_admin_pwd_apikey.TestAdminChangePassword" name="test_change_pwd_full_cycle" time="0.568" /><testcase classname="backend.tests.test_iter11_admin_pwd_apikey.TestCustomApiKey" name="test_a_auth_required" time="0.360" /><testcase classname="backend.tests.test_iter11_admin_pwd_apikey.TestCustomApiKey" name="test_b_initial_state_no_custom" time="0.234" /><testcase classname="backend.tests.test_iter11_admin_pwd_apikey.TestCustomApiKey" name="test_c_put_invalid_prefix_returns_400" time="0.154" /><testcase classname="backend.tests.test_iter11_admin_pwd_apikey.TestCustomApiKey" name="test_d_put_valid_and_verify_masked" time="0.295" /><testcase classname="backend.tests.test_iter11_admin_pwd_apikey.TestCustomApiKey" name="test_e_delete_reverts" time="0.278" /><testcase classname="backend.tests.test_iter11_admin_pwd_apikey.TestApiKeyTest" name="test_requires_admin" time="0.113" /><testcase classname="backend.tests.test_iter11_admin_pwd_apikey.TestApiKeyTest" name="test_returns_source_and_model" time="1.086" /></testsuite></testsuites>