<?xml version="1.0" encoding="utf-8"?><testsuites name="pytest tests"><testsuite name="pytest" errors="0" failures="0" skipped="0" tests="16" time="15.263" timestamp="2026-04-29T22:26:39.822337+00:00" hostname="agent-env-ddfd55d8-1ef5-4a6f-8c9d-857ee1d2f106"><testcase classname="backend.tests.test_iter8_block_c" name="test_health" time="0.373" /><testcase classname="backend.tests.test_iter8_block_c" name="test_email_status" time="0.146" /><testcase classname="backend.tests.test_iter8_block_c" name="test_rtc_room" time="0.193" /><testcase classname="backend.tests.test_iter8_block_c" name="test_offline_pack" time="0.119" /><testcase classname="backend.tests.test_iter8_block_c" name="test_admin_endpoints_require_password[/api/admin/teaching/files-GET]" time="0.120" /><testcase classname="backend.tests.test_iter8_block_c" name="test_admin_endpoints_require_password[/api/admin/teaching/knowledge-GET]" time="0.204" /><testcase classname="backend.tests.test_iter8_block_c" name="test_admin_endpoints_require_password[/api/admin/teaching/corrections-GET]" time="0.158" /><testcase classname="backend.tests.test_iter8_block_c" name="test_admin_endpoints_require_password[/api/admin/teaching/stats-GET]" time="0.128" /><testcase classname="backend.tests.test_iter8_block_c" name="test_admin_upload_rejects_missing_password" time="0.144" /><testcase classname="backend.tests.test_iter8_block_c" name="test_admin_upload_rejects_wrong_password" time="0.164" /><testcase classname="backend.tests.test_iter8_block_c" name="test_teaching_list_after_upload" time="0.399" /><testcase classname="backend.tests.test_iter8_block_c" name="test_teaching_process_kicks_off" time="6.458" /><testcase classname="backend.tests.test_iter8_block_c" name="test_teaching_stats_shape" time="0.157" /><testcase classname="backend.tests.test_iter8_block_c" name="test_corrections_upsert_and_list_and_delete" time="2.873" /><testcase classname="backend.tests.test_iter8_block_c" name="test_text_to_sign_basic_no_kb" time="3.304" /><testcase classname="backend.tests.test_iter8_block_c" name="test_kb_lookup_empty_query" time="0.239" /></testsuite></testsuites>