<?xml version="1.0" encoding="utf-8"?><testsuites name="pytest tests"><testsuite name="pytest" errors="0" failures="0" skipped="0" tests="19" time="6.830" timestamp="2026-04-29T22:55:47.758312+00:00" hostname="agent-env-ddfd55d8-1ef5-4a6f-8c9d-857ee1d2f106"><testcase classname="backend.tests.test_iter9_block_d.TestRegression" name="test_health" time="0.171" /><testcase classname="backend.tests.test_iter9_block_d.TestRegression" name="test_text_to_sign" time="3.249" /><testcase classname="backend.tests.test_iter9_block_d.TestRegression" name="test_rtc_room" time="0.051" /><testcase classname="backend.tests.test_iter9_block_d.TestRegression" name="test_offline_pack" time="0.049" /><testcase classname="backend.tests.test_iter9_block_d.TestRegression" name="test_admin_teaching_files_no_pwd_401" time="0.053" /><testcase classname="backend.tests.test_iter9_block_d.TestRegression" name="test_admin_teaching_files_ok" time="0.048" /><testcase classname="backend.tests.test_iter9_block_d.TestRegression" name="test_admin_corrections_get" time="0.046" /><testcase classname="backend.tests.test_iter9_block_d.TestPatchLabel" name="test_patch_no_pwd_401" time="0.157" /><testcase classname="backend.tests.test_iter9_block_d.TestPatchLabel" name="test_patch_missing_label_400" time="0.047" /><testcase classname="backend.tests.test_iter9_block_d.TestPatchLabel" name="test_patch_unknown_id_404" time="0.047" /><testcase classname="backend.tests.test_iter9_block_d.TestPatchLabel" name="test_patch_label_persists" time="0.097" /><testcase classname="backend.tests.test_iter9_block_d.TestPutReplace" name="test_put_no_pwd_401" time="0.063" /><testcase classname="backend.tests.test_iter9_block_d.TestPutReplace" name="test_put_unknown_id_404" time="0.067" /><testcase classname="backend.tests.test_iter9_block_d.TestPutReplace" name="test_put_replaces_and_resets_status" time="2.176" /><testcase classname="backend.tests.test_iter9_block_d.TestKnowledgeConfidenceFilter" name="test_knowledge_no_pwd_401" time="0.060" /><testcase classname="backend.tests.test_iter9_block_d.TestKnowledgeConfidenceFilter" name="test_knowledge_all_returns_list" time="0.051" /><testcase classname="backend.tests.test_iter9_block_d.TestKnowledgeConfidenceFilter" name="test_knowledge_confidence_baja_filters" time="0.099" /><testcase classname="backend.tests.test_iter9_block_d.TestKnowledgeConfidenceFilter" name="test_knowledge_confidence_alta_filters" time="0.049" /><testcase classname="backend.tests.test_iter9_block_d.TestKnowledgeConfidenceFilter" name="test_knowledge_confidence_all_no_filter" time="0.157" /></testsuite></testsuites>