<?xml version="1.0" encoding="utf-8"?><testsuites name="pytest tests"><testsuite name="pytest" errors="0" failures="0" skipped="0" tests="21" time="89.508" timestamp="2026-04-25T22:04:24.662483+00:00" hostname="agent-env-ddfd55d8-1ef5-4a6f-8c9d-857ee1d2f106"><testcase classname="backend.tests.backend_test.TestHealth" name="test_root_health" time="0.197" /><testcase classname="backend.tests.backend_test.TestDictionary" name="test_list_all" time="0.046" /><testcase classname="backend.tests.backend_test.TestDictionary" name="test_filter_by_query" time="0.042" /><testcase classname="backend.tests.backend_test.TestDictionary" name="test_filter_by_language" time="0.053" /><testcase classname="backend.tests.backend_test.TestDictionary" name="test_filter_combined" time="0.045" /><testcase classname="backend.tests.backend_test.TestDictionary" name="test_languages_endpoint" time="0.046" /><testcase classname="backend.tests.backend_test.TestDictionary" name="test_dictionary_total_count_68" time="0.044" /><testcase classname="backend.tests.backend_test.TestTextToSign" name="test_translate_text" time="10.861" /><testcase classname="backend.tests.backend_test.TestTextToSign" name="test_translate_text_auto_language" time="7.552" /><testcase classname="backend.tests.backend_test.TestVideoTranslation" name="test_translate_video" time="3.688" /><testcase classname="backend.tests.backend_test.TestHistory" name="test_history_list_after_text_to_sign" time="17.281" /><testcase classname="backend.tests.backend_test.TestHistory" name="test_delete_history_item" time="13.087" /><testcase classname="backend.tests.backend_test.TestHistory" name="test_clear_history" time="11.007" /><testcase classname="backend.tests.backend_test.TestHistory" name="test_delete_nonexistent_item" time="0.049" /><testcase classname="backend.tests.backend_test.TestFramesTranslation" name="test_translate_frames_success" time="3.430" /><testcase classname="backend.tests.backend_test.TestFramesTranslation" name="test_translate_frames_empty_returns_400" time="0.043" /><testcase classname="backend.tests.backend_test.TestFramesTranslation" name="test_translate_frames_default_mode" time="3.096" /><testcase classname="backend.tests.backend_test.TestFingerspelling" name="test_fingerspelling_success" time="3.078" /><testcase classname="backend.tests.backend_test.TestFingerspelling" name="test_fingerspelling_empty_returns_400" time="0.043" /><testcase classname="backend.tests.backend_test.TestGetTranslationById" name="test_get_existing_translation" time="15.650" /><testcase classname="backend.tests.backend_test.TestGetTranslationById" name="test_get_missing_translation_returns_404" time="0.047" /></testsuite></testsuites>