<?xml version="1.0" encoding="utf-8"?><testsuites name="pytest tests"><testsuite name="pytest" errors="0" failures="0" skipped="0" tests="13" time="71.601" timestamp="2026-04-25T21:49:14.113889+00:00" hostname="agent-env-ddfd55d8-1ef5-4a6f-8c9d-857ee1d2f106"><testcase classname="backend.tests.backend_test.TestHealth" name="test_root_health" time="0.236" /><testcase classname="backend.tests.backend_test.TestDictionary" name="test_list_all" time="0.044" /><testcase classname="backend.tests.backend_test.TestDictionary" name="test_filter_by_query" time="0.049" /><testcase classname="backend.tests.backend_test.TestDictionary" name="test_filter_by_language" time="0.044" /><testcase classname="backend.tests.backend_test.TestDictionary" name="test_filter_combined" time="0.044" /><testcase classname="backend.tests.backend_test.TestDictionary" name="test_languages_endpoint" time="0.045" /><testcase classname="backend.tests.backend_test.TestTextToSign" name="test_translate_text" time="11.856" /><testcase classname="backend.tests.backend_test.TestTextToSign" name="test_translate_text_auto_language" time="6.708" /><testcase classname="backend.tests.backend_test.TestVideoTranslation" name="test_translate_video" time="6.975" /><testcase classname="backend.tests.backend_test.TestHistory" name="test_history_list_after_text_to_sign" time="18.404" /><testcase classname="backend.tests.backend_test.TestHistory" name="test_delete_history_item" time="13.915" /><testcase classname="backend.tests.backend_test.TestHistory" name="test_clear_history" time="13.152" /><testcase classname="backend.tests.backend_test.TestHistory" name="test_delete_nonexistent_item" time="0.046" /></testsuite></testsuites>